2024-11-14 09:06:13,216 - INFO - Created files for problem A
2024-11-14 09:06:13,217 - INFO - Daily log updated with A
2024-11-14 09:06:13,564 - INFO - Opened VSCode in My-CP-Dojo/Solutions/Codeforces
2024-11-14 17:24:25,162 - ERROR - Could not extract codes from link: https://codeforces.com/group/MWSDmqGsZm/contest/219774/problem/O
2024-11-14 17:25:30,259 - ERROR - Could not extract codes from link: https://codeforces.com/group/MWSDmqGsZm/contest/219774/problem/O
2024-11-14 17:27:22,434 - INFO - Created files for problem 219774
2024-11-14 17:27:22,436 - INFO - Daily log updated with 219774
2024-11-14 17:27:22,716 - INFO - Opened VSCode in My-CP-Dojo/Solutions/Codeforces
2024-11-14 21:24:55,616 - INFO - Created files for problem 219774
2024-11-14 21:24:55,616 - INFO - Daily log updated with 219774
2024-11-14 21:24:55,910 - INFO - Opened VSCode in My-CP-Dojo/Solutions/Codeforces
2024-11-14 21:27:50,578 - INFO - Created files for problem 219774
2024-11-14 21:27:50,578 - INFO - Daily log updated with 219774
2024-11-14 21:27:50,858 - INFO - Opened VSCode in My-CP-Dojo/Solutions/Codeforces
2024-11-14 21:29:41,301 - INFO - Created files for problem 219774
2024-11-14 21:29:41,301 - INFO - Daily log updated with 219774
2024-11-14 21:29:41,579 - INFO - Opened VSCode in My-CP-Dojo/Solutions/Codeforces
2024-11-14 21:30:09,231 - INFO - Created files for problem 219774
2024-11-14 21:30:09,231 - INFO - Daily log updated with 219774
2024-11-14 21:30:09,462 - INFO - Opened VSCode in My-CP-Dojo/Solutions/Codeforces
2024-11-14 21:33:50,769 - INFO - Created files for problem 219774
2024-11-14 21:33:50,769 - INFO - Daily log updated with 219774
2024-11-14 21:33:51,066 - INFO - Opened VSCode in My-CP-Dojo/Solutions/Codeforces
2024-11-14 21:35:56,545 - INFO - Created files for problem 219774
2024-11-14 21:35:56,545 - INFO - Daily log updated with 219774
2024-11-14 21:35:56,833 - INFO - Opened VSCode in My-CP-Dojo/Solutions/Codeforces
2024-11-14 21:37:11,257 - INFO - Created files for problem 219774
2024-11-14 21:37:11,257 - INFO - Daily log updated with 219774
2024-11-14 21:37:11,555 - INFO - Opened VSCode in My-CP-Dojo/Solutions/Codeforces
2024-11-14 21:39:56,305 - INFO - Created files for problem O
2024-11-14 21:39:56,305 - INFO - Daily log updated with O
2024-11-14 21:39:56,594 - INFO - Opened VSCode in My-CP-Dojo/Solutions/Codeforces
2024-11-20 18:07:00,235 - INFO - Created files for problem M
2024-11-20 18:07:00,235 - INFO - Daily log updated with M
2024-11-20 18:07:00,620 - INFO - Opened VSCode in My-CP-Dojo/Solutions/Codeforces
2024-11-20 18:15:22,421 - INFO - Daily log updated with E
2024-11-20 18:15:22,800 - INFO - Opened VSCode in My-CP-Dojo/Solutions/Codeforces
2024-11-20 18:18:44,117 - INFO - Daily log updated with A
2024-11-20 18:18:44,465 - INFO - Opened VSCode in My-CP-Dojo/Solutions/Codeforces
2024-11-20 18:22:31,303 - INFO - Daily log updated with H
2024-11-20 18:22:31,663 - INFO - Opened VSCode in My-CP-Dojo/Solutions/Codeforces
2024-11-20 18:23:15,218 - INFO - Daily log updated with H
2024-11-20 18:23:15,586 - INFO - Opened VSCode in My-CP-Dojo/Solutions/Codeforces
2024-11-20 18:32:59,569 - INFO - Daily log updated with A
2024-11-20 18:32:59,925 - INFO - Opened VSCode in My-CP-Dojo/Solutions/Codeforces
